cg_mobile_app/app/build/intermediates/manifest_merge_blame_file/debug/manifest-merger-blame-debug-report.txt
1<?xml version="1.0" encoding="utf-8"?>
2<manifest xmlns:android="http://schemas.android.com/apk/res/android"
3    package="com.example.arlandmeasuretest33"
4    android:versionCode="1"
5    android:versionName="1.0" >
6
7    <uses-sdk
8        android:minSdkVersion="24"
9        android:targetSdkVersion="34" />
10
11    <uses-permission android:name="android.permission.CAMERA" />
11-->src\main\AndroidManifest.xml:5:5-65
11-->src\main\AndroidManifest.xml:5:22-62
12
13    <uses-feature
13-->src\main\AndroidManifest.xml:6:5-87
14        android:name="android.hardware.camera.ar"
14-->src\main\AndroidManifest.xml:6:19-60
15        android:required="true" />
15-->src\main\AndroidManifest.xml:6:61-84
16    <uses-feature
16-->src\main\AndroidManifest.xml:7:5-78
17        android:glEsVersion="0x00030000"
17-->src\main\AndroidManifest.xml:7:19-51
18        android:required="true" />
18-->src\main\AndroidManifest.xml:7:52-75
19
20    <uses-permission android:name="android.permission.ACCESS_FINE_LOCATION" />
20-->src\main\AndroidManifest.xml:9:5-78
20-->src\main\AndroidManifest.xml:9:22-76
21    <uses-permission android:name="android.permission.ACCESS_COARSE_LOCATION" />
21-->src\main\AndroidManifest.xml:10:5-80
21-->src\main\AndroidManifest.xml:10:22-78
22
23    <permission
23-->[androidx.core:core:1.15.0] AndroidManifest.xml:22:5-24:47
24        android:name="com.example.arlandmeasuretest33.DYNAMIC_RECEIVER_NOT_EXPORTED_PERMISSION"
24-->[androidx.core:core:1.15.0] AndroidManifest.xml:23:9-81
25        android:protectionLevel="signature" />
25-->[androidx.core:core:1.15.0] AndroidManifest.xml:24:9-44
26
27    <uses-permission android:name="com.example.arlandmeasuretest33.DYNAMIC_RECEIVER_NOT_EXPORTED_PERMISSION" />
27-->[androidx.core:core:1.15.0] AndroidManifest.xml:26:5-97
27-->[androidx.core:core:1.15.0] AndroidManifest.xml:26:22-94
28
29    <queries>
29-->[com.google.ar:core:1.41.0] AndroidManifest.xml:20:5-27:15
30        <package android:name="com.google.ar.core" />
30-->[com.google.ar:core:1.41.0] AndroidManifest.xml:21:9-54
30-->[com.google.ar:core:1.41.0] AndroidManifest.xml:21:18-51
31        <package android:name="com.android.vending" />
31-->[com.google.ar:core:1.41.0] AndroidManifest.xml:22:9-55
31-->[com.google.ar:core:1.41.0] AndroidManifest.xml:22:18-52
32
33        <intent>
33-->[com.google.ar:core:1.41.0] AndroidManifest.xml:24:9-26:18
34            <action android:name="com.google.android.play.core.install.BIND_INSTALL_SERVICE" />
34-->[com.google.ar:core:1.41.0] AndroidManifest.xml:25:13-96
34-->[com.google.ar:core:1.41.0] AndroidManifest.xml:25:21-93
35        </intent>
36    </queries>
37
38    <application
38-->src\main\AndroidManifest.xml:13:5-42:19
39        android:allowBackup="true"
39-->src\main\AndroidManifest.xml:14:9-35
40        android:appComponentFactory="androidx.core.app.CoreComponentFactory"
40-->[androidx.core:core:1.15.0] AndroidManifest.xml:28:18-86
41        android:dataExtractionRules="@xml/data_extraction_rules"
41-->src\main\AndroidManifest.xml:15:9-65
42        android:debuggable="true"
43        android:extractNativeLibs="false"
44        android:fullBackupContent="@xml/backup_rules"
44-->src\main\AndroidManifest.xml:16:9-54
45        android:icon="@mipmap/ic_launcher"
45-->src\main\AndroidManifest.xml:17:9-43
46        android:label="@string/app_name"
46-->src\main\AndroidManifest.xml:18:9-41
47        android:roundIcon="@mipmap/ic_launcher_round"
47-->src\main\AndroidManifest.xml:19:9-54
48        android:supportsRtl="true"
48-->src\main\AndroidManifest.xml:20:9-35
49        android:testOnly="true"
50        android:theme="@style/Theme.ARlandMeasuretest33" >
50-->src\main\AndroidManifest.xml:21:9-57
51        <meta-data
51-->src\main\AndroidManifest.xml:24:9-81
52            android:name="com.google.ar.core"
52-->src\main\AndroidManifest.xml:24:20-53
53            android:value="required" />
53-->src\main\AndroidManifest.xml:24:54-78
54
55        <activity
55-->src\main\AndroidManifest.xml:26:9-32:20
56            android:name="com.example.arlandmeasuretest33.LoginActivity"
56-->src\main\AndroidManifest.xml:26:19-48
57            android:exported="true" >
57-->src\main\AndroidManifest.xml:27:13-36
58            <intent-filter>
58-->src\main\AndroidManifest.xml:28:13-31:29
59                <action android:name="android.intent.action.MAIN" />
59-->src\main\AndroidManifest.xml:29:17-69
59-->src\main\AndroidManifest.xml:29:25-66
60
61                <category android:name="android.intent.category.LAUNCHER" />
61-->src\main\AndroidManifest.xml:30:17-77
61-->src\main\AndroidManifest.xml:30:27-74
62            </intent-filter>
63        </activity>
64        <activity
64-->src\main\AndroidManifest.xml:34:9-36:39
65            android:name="com.example.arlandmeasuretest33.MainActivity"
65-->src\main\AndroidManifest.xml:35:13-41
66            android:exported="true" />
66-->src\main\AndroidManifest.xml:36:13-36
67        <activity
67-->src\main\AndroidManifest.xml:38:9-40:40
68            android:name="com.example.arlandmeasuretest33.LocationSelectionActivity"
68-->src\main\AndroidManifest.xml:39:13-54
69            android:exported="false" />
69-->src\main\AndroidManifest.xml:40:13-37
70        <activity
70-->[com.google.android.gms:play-services-base:18.1.0] AndroidManifest.xml:20:9-22:45
71            android:name="com.google.android.gms.common.api.GoogleApiActivity"
71-->[com.google.android.gms:play-services-base:18.1.0] AndroidManifest.xml:20:19-85
72            android:exported="false"
72-->[com.google.android.gms:play-services-base:18.1.0] AndroidManifest.xml:22:19-43
73            android:theme="@android:style/Theme.Translucent.NoTitleBar" />
73-->[com.google.android.gms:play-services-base:18.1.0] AndroidManifest.xml:21:19-78
74
75        <meta-data
75-->[com.google.android.gms:play-services-basement:18.1.0] AndroidManifest.xml:21:9-23:69
76            android:name="com.google.android.gms.version"
76-->[com.google.android.gms:play-services-basement:18.1.0] AndroidManifest.xml:22:13-58
77            android:value="@integer/google_play_services_version" />
77-->[com.google.android.gms:play-services-basement:18.1.0] AndroidManifest.xml:23:13-66
78
79        <provider
79-->[androidx.emoji2:emoji2:1.3.0] AndroidManifest.xml:24:9-32:20
80            android:name="androidx.startup.InitializationProvider"
80-->[androidx.emoji2:emoji2:1.3.0] AndroidManifest.xml:25:13-67
81            android:authorities="com.example.arlandmeasuretest33.androidx-startup"
81-->[androidx.emoji2:emoji2:1.3.0] AndroidManifest.xml:26:13-68
82            android:exported="false" >
82-->[androidx.emoji2:emoji2:1.3.0] AndroidManifest.xml:27:13-37
83            <meta-data
83-->[androidx.emoji2:emoji2:1.3.0] AndroidManifest.xml:29:13-31:52
84                android:name="androidx.emoji2.text.EmojiCompatInitializer"
84-->[androidx.emoji2:emoji2:1.3.0] AndroidManifest.xml:30:17-75
85                android:value="androidx.startup" />
85-->[androidx.emoji2:emoji2:1.3.0] AndroidManifest.xml:31:17-49
86            <meta-data
86-->[androidx.lifecycle:lifecycle-process:2.6.2] AndroidManifest.xml:29:13-31:52
87                android:name="androidx.lifecycle.ProcessLifecycleInitializer"
87-->[androidx.lifecycle:lifecycle-process:2.6.2] AndroidManifest.xml:30:17-78
88                android:value="androidx.startup" />
88-->[androidx.lifecycle:lifecycle-process:2.6.2] AndroidManifest.xml:31:17-49
89            <meta-data
89-->[androidx.profileinstaller:profileinstaller:1.4.0] AndroidManifest.xml:29:13-31:52
90                android:name="androidx.profileinstaller.ProfileInstallerInitializer"
90-->[androidx.profileinstaller:profileinstaller:1.4.0] AndroidManifest.xml:30:17-85
91                android:value="androidx.startup" />
91-->[androidx.profileinstaller:profileinstaller:1.4.0] AndroidManifest.xml:31:17-49
92        </provider>
93
94        <uses-library
94-->[androidx.window:window:1.0.0] AndroidManifest.xml:25:9-27:40
95            android:name="androidx.window.extensions"
95-->[androidx.window:window:1.0.0] AndroidManifest.xml:26:13-54
96            android:required="false" />
96-->[androidx.window:window:1.0.0] AndroidManifest.xml:27:13-37
97        <uses-library
97-->[androidx.window:window:1.0.0] AndroidManifest.xml:28:9-30:40
98            android:name="androidx.window.sidecar"
98-->[androidx.window:window:1.0.0] AndroidManifest.xml:29:13-51
99            android:required="false" /> <!-- The minimal version code of ARCore APK required for an app using this SDK. -->
99-->[androidx.window:window:1.0.0] AndroidManifest.xml:30:13-37
100        <meta-data
100-->[com.google.ar:core:1.41.0] AndroidManifest.xml:32:9-34:41
101            android:name="com.google.ar.core.min_apk_version"
101-->[com.google.ar:core:1.41.0] AndroidManifest.xml:33:13-62
102            android:value="232620000" /> <!-- This activity is critical for installing ARCore when it is not already present. -->
102-->[com.google.ar:core:1.41.0] AndroidManifest.xml:34:13-38
103        <activity
103-->[com.google.ar:core:1.41.0] AndroidManifest.xml:36:9-42:80
104            android:name="com.google.ar.core.InstallActivity"
104-->[com.google.ar:core:1.41.0] AndroidManifest.xml:37:13-62
105            android:configChanges="keyboardHidden|orientation|screenSize"
105-->[com.google.ar:core:1.41.0] AndroidManifest.xml:38:13-74
106            android:excludeFromRecents="true"
106-->[com.google.ar:core:1.41.0] AndroidManifest.xml:39:13-46
107            android:exported="false"
107-->[com.google.ar:core:1.41.0] AndroidManifest.xml:40:13-37
108            android:launchMode="singleTop"
108-->[com.google.ar:core:1.41.0] AndroidManifest.xml:41:13-43
109            android:theme="@android:style/Theme.Material.Light.Dialog.Alert" />
109-->[com.google.ar:core:1.41.0] AndroidManifest.xml:42:13-77
110
111        <receiver
111-->[androidx.profileinstaller:profileinstaller:1.4.0] AndroidManifest.xml:34:9-52:20
112            android:name="androidx.profileinstaller.ProfileInstallReceiver"
112-->[androidx.profileinstaller:profileinstaller:1.4.0] AndroidManifest.xml:35:13-76
113            android:directBootAware="false"
113-->[androidx.profileinstaller:profileinstaller:1.4.0] AndroidManifest.xml:36:13-44
114            android:enabled="true"
114-->[androidx.profileinstaller:profileinstaller:1.4.0] AndroidManifest.xml:37:13-35
115            android:exported="true"
115-->[androidx.profileinstaller:profileinstaller:1.4.0] AndroidManifest.xml:38:13-36
116            android:permission="android.permission.DUMP" >
116-->[androidx.profileinstaller:profileinstaller:1.4.0] AndroidManifest.xml:39:13-57
117            <intent-filter>
117-->[androidx.profileinstaller:profileinstaller:1.4.0] AndroidManifest.xml:40:13-42:29
118                <action android:name="androidx.profileinstaller.action.INSTALL_PROFILE" />
118-->[androidx.profileinstaller:profileinstaller:1.4.0] AndroidManifest.xml:41:17-91
118-->[androidx.profileinstaller:profileinstaller:1.4.0] AndroidManifest.xml:41:25-88
119            </intent-filter>
120            <intent-filter>
120-->[androidx.profileinstaller:profileinstaller:1.4.0] AndroidManifest.xml:43:13-45:29
121                <action android:name="androidx.profileinstaller.action.SKIP_FILE" />
121-->[androidx.profileinstaller:profileinstaller:1.4.0] AndroidManifest.xml:44:17-85
121-->[androidx.profileinstaller:profileinstaller:1.4.0] AndroidManifest.xml:44:25-82
122            </intent-filter>
123            <intent-filter>
123-->[androidx.profileinstaller:profileinstaller:1.4.0] AndroidManifest.xml:46:13-48:29
124                <action android:name="androidx.profileinstaller.action.SAVE_PROFILE" />
124-->[androidx.profileinstaller:profileinstaller:1.4.0] AndroidManifest.xml:47:17-88
124-->[androidx.profileinstaller:profileinstaller:1.4.0] AndroidManifest.xml:47:25-85
125            </intent-filter>
126            <intent-filter>
126-->[androidx.profileinstaller:profileinstaller:1.4.0] AndroidManifest.xml:49:13-51:29
127                <action android:name="androidx.profileinstaller.action.BENCHMARK_OPERATION" />
127-->[androidx.profileinstaller:profileinstaller:1.4.0] AndroidManifest.xml:50:17-95
127-->[androidx.profileinstaller:profileinstaller:1.4.0] AndroidManifest.xml:50:25-92
128            </intent-filter>
129        </receiver>
130    </application>
131
132</manifest>